<?xml version="1.0" encoding="UTF-8"?>
<testsuite name="com.bridgelabz.ComparisonTest" tests="1" skipped="0" failures="0" errors="0" timestamp="2021-12-06T04:15:07" hostname="PRATIK" time="0.106">
  <properties/>
  <testcase name="givenInteger_ShouldReturnsLargest()" classname="com.bridgelabz.ComparisonTest" time="0.106"/>
  <system-out><![CDATA[]]></system-out>
  <system-err><![CDATA[]]></system-err>
</testsuite>
